<?xml version="1.0" encoding="UTF-8"?>
<!-- Generated by org.testng.reporters.JUnitReportReporter -->
<testsuite hostname="DESKTOP-IUIN2QD" failures="0" tests="2" name="TestNG.A_LoginTest" time="0.086" errors="0" timestamp="2022-07-17T21:47:45 IST" skipped="0">
  <testcase classname="TestNG.A_LoginTest" name="loginTest" time="0.074"/>
  <system-out/>
  <testcase classname="TestNG.A_LoginTest" name="LogoutTest" time="0.012"/>
  <system-out/>
</testsuite> <!-- TestNG.A_LoginTest -->
