<?xml version="1.0" encoding="UTF-8"?>
<!-- Generated by org.testng.reporters.JUnitReportReporter -->
<testsuite hostname="DESKTOP-IUIN2QD" failures="0" tests="2" name="TestNG.LoginTest" time="0.076" errors="0" timestamp="2022-07-01T10:50:16 IST" skipped="0">
  <testcase classname="TestNG.LoginTest" name="loginTest" time="0.061"/>
  <system-out/>
  <testcase classname="TestNG.LoginTest" name="LogoutTest" time="0.015"/>
  <system-out/>
</testsuite> <!-- TestNG.LoginTest -->
