<?xml version="1.0" encoding="UTF-8"?>
<!-- Generated by org.testng.reporters.JUnitReportReporter -->
<testsuite hostname="DESKTOP-IUIN2QD" failures="0" tests="4" name="TestNG.E_TestGroups" time="0.183" errors="0" timestamp="2022-07-17T21:47:45 IST" skipped="0">
  <testcase classname="TestNG.E_TestGroups" name="Test3" time="0.006"/>
  <system-out/>
  <testcase classname="TestNG.E_TestGroups" name="Test4" time="0.086"/>
  <system-out/>
  <testcase classname="TestNG.E_TestGroups" name="test1" time="0.084"/>
  <system-out/>
  <testcase classname="TestNG.E_TestGroups" name="Test2" time="0.007"/>
  <system-out/>
</testsuite> <!-- TestNG.E_TestGroups -->
