<?xml version="1.0" encoding="UTF-8"?>
<!-- Generated by org.testng.reporters.JUnitReportReporter -->
<testsuite hostname="DESKTOP-IUIN2QD" failures="0" tests="3" name="TestNG.F_Skip_Test" time="0.069" errors="0" timestamp="2022-07-03T19:53:54 IST" skipped="3">
  <testcase classname="TestNG.F_Skip_Test" name="skiptest2" time="0.054">
    <skipped/>
  </testcase> <!-- skiptest2 -->
  <system-out/>
  <testcase classname="TestNG.F_Skip_Test" name="skiptest3" time="0.015">
    <skipped/>
  </testcase> <!-- skiptest3 -->
  <system-out/>
  <testcase classname="TestNG.F_Skip_Test" name="skiptest1">
    <skipped/>
  </testcase> <!-- skiptest1 -->
  <system-out/>
</testsuite> <!-- TestNG.F_Skip_Test -->
