<?xml version="1.0" encoding="UTF-8"?>
<!-- Generated by org.testng.reporters.JUnitReportReporter -->
<testsuite hostname="DESKTOP-IUIN2QD" failures="0" tests="1" name="TestNG.B1_Annotations" time="0.125" errors="0" timestamp="2022-07-30T00:11:29 IST" skipped="0">
  <testcase classname="TestNG.B1_Annotations" name="test1" time="0.125"/>
  <system-out/>
</testsuite> <!-- TestNG.B1_Annotations -->
