<?xml version="1.0" encoding="UTF-8"?>
<!-- Generated by org.testng.reporters.JUnitReportReporter -->
<testsuite hostname="DESKTOP-IUIN2QD" failures="0" tests="1" name="TestNG.C_Assertions" time="33.552" errors="0" timestamp="2022-07-17T21:47:45 IST" skipped="0">
  <testcase classname="TestNG.C_Assertions" name="titleTest" time="33.552"/>
  <system-out/>
</testsuite> <!-- TestNG.C_Assertions -->
