<?xml version="1.0" encoding="UTF-8"?>
<!-- Generated by org.testng.reporters.JUnitReportReporter -->
<testsuite hostname="DESKTOP-IUIN2QD" failures="0" tests="4" name="TestNG.I_DataProvider_TestNG" time="18.775" errors="0" timestamp="2022-07-07T21:16:15 IST" skipped="0">
  <testcase classname="TestNG.I_DataProvider_TestNG" name="test1" time="2.596"/>
  <system-out/>
  <testcase classname="TestNG.I_DataProvider_TestNG" name="test1" time="7.655"/>
  <system-out/>
  <testcase classname="TestNG.I_DataProvider_TestNG" name="test1" time="6.048"/>
  <system-out/>
  <testcase classname="TestNG.I_DataProvider_TestNG" name="test1" time="2.476"/>
  <system-out/>
</testsuite> <!-- TestNG.I_DataProvider_TestNG -->
