<?xml version="1.0" encoding="UTF-8"?>
<!-- Generated by org.testng.reporters.JUnitReportReporter -->
<testsuite hostname="DESKTOP-IUIN2QD" failures="0" tests="3" name="TestNG.B_Annotations" time="0.079" errors="0" timestamp="2022-07-17T21:47:45 IST" skipped="1">
  <testcase classname="TestNG.B_Annotations" name="LoginTest" time="0.025"/>
  <system-out/>
  <testcase classname="TestNG.B_Annotations" name="Settings" time="0.054"/>
  <system-out/>
  <testcase classname="TestNG.B_Annotations" name="Messages">
    <skipped/>
  </testcase> <!-- Messages -->
  <system-out/>
</testsuite> <!-- TestNG.B_Annotations -->
