<?xml version="1.0" encoding="UTF-8"?>
<!-- Generated by org.testng.reporters.JUnitReportReporter -->
<testsuite hostname="DESKTOP-IUIN2QD" failures="0" tests="8" name="TestNG.H_Data_Provider" time="0.185" errors="0" timestamp="2022-07-07T00:44:12 IST" skipped="0">
  <testcase classname="TestNG.H_Data_Provider" name="test" time="0.021"/>
  <system-out/>
  <testcase classname="TestNG.H_Data_Provider" name="test1" time="0.019"/>
  <system-out/>
  <testcase classname="TestNG.H_Data_Provider" name="test" time="0.012"/>
  <system-out/>
  <testcase classname="TestNG.H_Data_Provider" name="test" time="0.010"/>
  <system-out/>
  <testcase classname="TestNG.H_Data_Provider" name="test1" time="0.033"/>
  <system-out/>
  <testcase classname="TestNG.H_Data_Provider" name="test" time="0.060"/>
  <system-out/>
  <testcase classname="TestNG.H_Data_Provider" name="test1" time="0.017"/>
  <system-out/>
  <testcase classname="TestNG.H_Data_Provider" name="test1" time="0.013"/>
  <system-out/>
</testsuite> <!-- TestNG.H_Data_Provider -->
